[debug] [2018-07-02T12:55:00.976Z] ----------------------------------------------------------------------
[debug] [2018-07-02T12:55:00.977Z] Command:       /usr/local/bin/node /usr/local/bin/firebase init
[debug] [2018-07-02T12:55:00.978Z] CLI Version:   3.18.6
[debug] [2018-07-02T12:55:00.978Z] Platform:      darwin
[debug] [2018-07-02T12:55:00.978Z] Node Version:  v8.11.1
[debug] [2018-07-02T12:55:00.978Z] Time:          Mon Jul 02 2018 07:55:00 GMT-0500 (CDT)
[debug] [2018-07-02T12:55:00.978Z] ----------------------------------------------------------------------
[debug] 
[debug] [2018-07-02T12:55:00.984Z] > command requires scopes: ["email","openid","https://www.googleapis.com/auth/cloudplatformprojects.readonly","https://www.googleapis.com/auth/firebase"]
[debug] [2018-07-02T12:55:00.984Z] > authorizing via signed-in user
[info] 
     🔥🔥🔥🔥🔥🔥🔥🔥 🔥🔥🔥🔥 🔥🔥🔥🔥🔥🔥🔥🔥  🔥🔥🔥🔥🔥🔥🔥🔥 🔥🔥🔥🔥🔥🔥🔥🔥     🔥🔥🔥     🔥🔥🔥🔥🔥🔥  🔥🔥🔥🔥🔥🔥🔥🔥
     🔥🔥        🔥🔥  🔥🔥     🔥🔥 🔥🔥       🔥🔥     🔥🔥  🔥🔥   🔥🔥  🔥🔥       🔥🔥
     🔥🔥🔥🔥🔥🔥    🔥🔥  🔥🔥🔥🔥🔥🔥🔥🔥  🔥🔥🔥🔥🔥🔥   🔥🔥🔥🔥🔥🔥🔥🔥  🔥🔥🔥🔥🔥🔥🔥🔥🔥  🔥🔥🔥🔥🔥🔥  🔥🔥🔥🔥🔥🔥
     🔥🔥        🔥🔥  🔥🔥    🔥🔥  🔥🔥       🔥🔥     🔥🔥 🔥🔥     🔥🔥       🔥🔥 🔥🔥
     🔥🔥       🔥🔥🔥🔥 🔥🔥     🔥🔥 🔥🔥🔥🔥🔥🔥🔥🔥 🔥🔥🔥🔥🔥🔥🔥🔥  🔥🔥     🔥🔥  🔥🔥🔥🔥🔥🔥  🔥🔥🔥🔥🔥🔥🔥🔥

You're about to initialize a Firebase project in this directory:

  /Users/dillanteagle/capstone/my-app

[info] 
=== Project Setup
[info] 
[info] First, let's associate this project directory with a Firebase project.
[info] You can create multiple project aliases by running firebase use --add, 
[info] but for now we'll just set up a default project.
[info] 
[debug] [2018-07-02T12:55:07.187Z] > refreshing access token with scopes: ["email","https://www.googleapis.com/auth/cloudplatformprojects.readonly","https://www.googleapis.com/auth/firebase","openid"]
[debug] [2018-07-02T12:55:07.187Z] >>> HTTP REQUEST POST https://www.googleapis.com/oauth2/v3/token  
 { refresh_token: '1/JIsc9FZSS4xzWUtsJjpcNoVHHTPk1EFz2elJtG4l9vxvk4xDcej_goYgda4Olyie',
  client_id: '563584335869-fgrhgmd47bqnekij5i8b5pr03ho849e6.apps.googleusercontent.com',
  client_secret: 'j9iVZfS8kkCEFUPaAeJV0sAi',
  grant_type: 'refresh_token',
  scope: 'email https://www.googleapis.com/auth/cloudplatformprojects.readonly https://www.googleapis.com/auth/firebase openid' } 
 Mon Jul 02 2018 07:55:07 GMT-0500 (CDT)
[debug] [2018-07-02T12:55:07.575Z] <<< HTTP RESPONSE 200
[debug] [2018-07-02T12:55:07.595Z] >>> HTTP REQUEST GET https://admin.firebase.com/v1/projects  
  
 Mon Jul 02 2018 07:55:07 GMT-0500 (CDT)
[debug] [2018-07-02T12:55:08.256Z] <<< HTTP RESPONSE 200
[info] 
=== Hosting Setup
[info] 
[info] Your public directory is the folder (relative to your project directory) that
[info] will contain Hosting assets to be uploaded with firebase deploy. If you
[info] have a build process for your assets, use your build's output directory.
[info] 
